<?xml version="1.0" encoding="UTF-8" ?>
<!DOCTYPE mapper
  PUBLIC "-//mybatis.org//DTD Mapper 3.0//EN"
  "https://mybatis.org/dtd/mybatis-3-mapper.dtd">
<mapper namespace="kr.co.sist.prj3.testMapper">
<insert id="insertMovie" parameterType="kr.co.sist.prj3.admin.regmovie.vo.AdminMovieVO">
insert into movie(m_num, poster, m_title,eng_title, genre, runtime, rank, country, summary, origin, script, produce, ration, imports, releasedate)
values(1,123,#{mTitle},#{engTitle},#{genre},#{runTime},#{rank},#{country},#{summary},#{origin},#{script},#{produce},#{ration},#{imports},sysdate)
</insert>

</mapper>